{
  "RSpec": {
    "coverage": {
      "/Users/klebervirgilio/Documents/dev/kbrvrgl/spec/app_spec.rb": [
        1,
        null,
        1,
        1,
        2,
        null,
        null,
        1,
        1,
        1,
        1,
        1,
        1,
        null,
        null,
        null,
        1,
        1,
        null,
        2,
        null,
        1,
        2,
        null,
        null,
        null,
        null
      ],
      "/Users/klebervirgilio/Documents/dev/kbrvrgl/spec/features/api/create_url_metada_spec.rb": [
        1,
        null,
        1,
        1,
        2,
        null,
        null,
        1,
        1,
        1,
        1,
        2,
        null,
        null,
        null,
        1,
        1,
        null,
        null,
        null,
        null,
        1,
        null,
        null,
        1,
        1,
        3,
        2,
        null,
        null,
        null
      ],
      "/Users/klebervirgilio/Documents/dev/kbrvrgl/spec/features/app/count_the_number_of_visualizations_spec.rb": [
        1,
        null,
        1,
        1,
        3,
        null,
        null,
        1,
        1,
        null,
        1,
        4,
        null,
        null,
        null,
        1,
        1,
        null,
        1,
        4,
        null,
        null,
        1,
        1,
        1,
        1,
        3,
        2,
        null,
        null,
        null
      ],
      "/Users/klebervirgilio/Documents/dev/kbrvrgl/spec/features/app/create_stats_spec.rb": [
        1,
        null,
        1,
        1,
        2,
        null,
        null,
        1,
        1,
        null,
        1,
        4,
        null,
        null,
        null,
        1,
        1,
        null,
        1,
        4,
        null,
        null,
        null
      ],
      "/Users/klebervirgilio/Documents/dev/kbrvrgl/spec/features/geoable/geoable_spec.rb": [
        1,
        1,
        1,
        null,
        1,
        1,
        null,
        1,
        null,
        null,
        null,
        null,
        1,
        1,
        2,
        null,
        1,
        null,
        null,
        null,
        1,
        null,
        1,
        1,
        null,
        null,
        null
      ],
      "/Users/klebervirgilio/Documents/dev/kbrvrgl/spec/light_spec_helper.rb": [
        1,
        1,
        1,
        1,
        1
      ],
      "/Users/klebervirgilio/Documents/dev/kbrvrgl/spec/services/geo_ip_service_spec.rb": [
        1,
        null,
        1,
        1,
        1,
        null,
        null,
        1,
        null,
        null,
        null,
        1,
        null,
        1,
        null,
        null
      ]
    },
    "timestamp": 1415279373
  }
}
